------------------------------------------------------------------------------------
Date: 6/9/2025 -- 06:53:38 (uptime: 0d, 00h 00m 00s)
------------------------------------------------------------------------------------
Counter                                       | TM Name                   | Value
------------------------------------------------------------------------------------
decoder.pkts                                  | Total                     | 360
decoder.bytes                                 | Total                     | 32081
decoder.ipv4                                  | Total                     | 344
decoder.ipv6                                  | Total                     | 2
decoder.ethernet                              | Total                     | 360
decoder.arp                                   | Total                     | 14
decoder.tcp                                   | Total                     | 309
tcp.syn                                       | Total                     | 4
tcp.synack                                    | Total                     | 4
decoder.udp                                   | Total                     | 36
decoder.icmpv6                                | Total                     | 1
decoder.avg_pkt_size                          | Total                     | 89
decoder.max_pkt_size                          | Total                     | 590
flow.total                                    | Total                     | 15
flow.tcp                                      | Total                     | 4
flow.udp                                      | Total                     | 10
flow.icmpv6                                   | Total                     | 1
flow.wrk.spare_sync_avg                       | Total                     | 100
flow.wrk.spare_sync                           | Total                     | 2
flow.wrk.flows_evicted_needs_work             | Total                     | 4
flow.wrk.flows_evicted_pkt_inject             | Total                     | 4
flow.wrk.flows_injected                       | Total                     | 4
tcp.sessions                                  | Total                     | 4
tcp.ssn_from_pool                             | Total                     | 4
tcp.invalid_checksum                          | Total                     | 150
app_layer.flow.dhcp                           | Total                     | 1
app_layer.tx.dhcp                             | Total                     | 6
app_layer.flow.failed_udp                     | Total                     | 9
flow.end.state.new                            | Total                     | 14
flow.end.state.established                    | Total                     | 1
flow.end.tcp_state.syn_sent                   | Total                     | 4
flow.mgr.rows_per_sec                         | Total                     | 6553
flow.spare                                    | Total                     | 9900
memcap_pressure                               | Total                     | 5
memcap_pressure_max                           | Total                     | 5
flow.recycler.recycled                        | Total                     | 11
flow.recycler.queue_max                       | Total                     | 11
tcp.memuse                                    | Total                     | 1245184
tcp.reassembly_memuse                         | Total                     | 229376
flow.memuse                                   | Total                     | 7154304
------------------------------------------------------------------------------------
Date: 6/9/2025 -- 06:55:21 (uptime: 0d, 00h 00m 01s)
------------------------------------------------------------------------------------
Counter                                       | TM Name                   | Value
------------------------------------------------------------------------------------
decoder.pkts                                  | Total                     | 360
decoder.bytes                                 | Total                     | 32081
decoder.ipv4                                  | Total                     | 344
decoder.ipv6                                  | Total                     | 2
decoder.ethernet                              | Total                     | 360
decoder.arp                                   | Total                     | 14
decoder.tcp                                   | Total                     | 309
tcp.syn                                       | Total                     | 4
tcp.synack                                    | Total                     | 4
decoder.udp                                   | Total                     | 36
decoder.icmpv6                                | Total                     | 1
decoder.avg_pkt_size                          | Total                     | 89
decoder.max_pkt_size                          | Total                     | 590
flow.total                                    | Total                     | 15
flow.tcp                                      | Total                     | 4
flow.udp                                      | Total                     | 10
flow.icmpv6                                   | Total                     | 1
flow.wrk.spare_sync_avg                       | Total                     | 100
flow.wrk.spare_sync                           | Total                     | 2
flow.wrk.flows_evicted_needs_work             | Total                     | 4
flow.wrk.flows_evicted_pkt_inject             | Total                     | 4
flow.wrk.flows_injected                       | Total                     | 4
tcp.sessions                                  | Total                     | 4
tcp.ssn_from_pool                             | Total                     | 4
tcp.invalid_checksum                          | Total                     | 150
app_layer.flow.dhcp                           | Total                     | 1
app_layer.tx.dhcp                             | Total                     | 6
app_layer.flow.failed_udp                     | Total                     | 9
flow.end.state.new                            | Total                     | 14
flow.end.state.established                    | Total                     | 1
flow.end.tcp_state.syn_sent                   | Total                     | 4
flow.mgr.rows_per_sec                         | Total                     | 6553
flow.spare                                    | Total                     | 9800
flow.mgr.rows_maxlen                          | Total                     | 1
flow.mgr.flows_checked                        | Total                     | 1
flow.mgr.flows_notimeout                      | Total                     | 1
memcap_pressure                               | Total                     | 5
memcap_pressure_max                           | Total                     | 5
flow.recycler.recycled                        | Total                     | 11
flow.recycler.queue_max                       | Total                     | 11
tcp.memuse                                    | Total                     | 1245184
tcp.reassembly_memuse                         | Total                     | 229376
flow.memuse                                   | Total                     | 7154304
------------------------------------------------------------------------------------
Date: 6/9/2025 -- 06:56:05 (uptime: 0d, 00h 00m 00s)
------------------------------------------------------------------------------------
Counter                                       | TM Name                   | Value
------------------------------------------------------------------------------------
decoder.pkts                                  | Total                     | 360
decoder.bytes                                 | Total                     | 32081
decoder.ipv4                                  | Total                     | 344
decoder.ipv6                                  | Total                     | 2
decoder.ethernet                              | Total                     | 360
decoder.arp                                   | Total                     | 14
decoder.tcp                                   | Total                     | 309
tcp.syn                                       | Total                     | 4
tcp.synack                                    | Total                     | 4
decoder.udp                                   | Total                     | 36
decoder.icmpv6                                | Total                     | 1
decoder.avg_pkt_size                          | Total                     | 89
decoder.max_pkt_size                          | Total                     | 590
flow.total                                    | Total                     | 15
flow.tcp                                      | Total                     | 4
flow.udp                                      | Total                     | 10
flow.icmpv6                                   | Total                     | 1
flow.wrk.spare_sync_avg                       | Total                     | 100
flow.wrk.spare_sync                           | Total                     | 2
flow.wrk.flows_evicted_needs_work             | Total                     | 4
flow.wrk.flows_evicted_pkt_inject             | Total                     | 4
flow.wrk.flows_injected                       | Total                     | 4
tcp.sessions                                  | Total                     | 4
tcp.ssn_from_pool                             | Total                     | 4
tcp.invalid_checksum                          | Total                     | 150
app_layer.flow.dhcp                           | Total                     | 1
app_layer.tx.dhcp                             | Total                     | 6
app_layer.flow.failed_udp                     | Total                     | 9
flow.end.state.new                            | Total                     | 14
flow.end.state.established                    | Total                     | 1
flow.end.tcp_state.syn_sent                   | Total                     | 4
flow.mgr.rows_per_sec                         | Total                     | 6553
flow.spare                                    | Total                     | 9800
flow.mgr.rows_maxlen                          | Total                     | 1
flow.mgr.flows_checked                        | Total                     | 1
flow.mgr.flows_notimeout                      | Total                     | 1
memcap_pressure                               | Total                     | 5
memcap_pressure_max                           | Total                     | 5
flow.recycler.recycled                        | Total                     | 11
flow.recycler.queue_max                       | Total                     | 11
tcp.memuse                                    | Total                     | 1245184
tcp.reassembly_memuse                         | Total                     | 229376
flow.memuse                                   | Total                     | 7154304
------------------------------------------------------------------------------------
Date: 6/9/2025 -- 06:58:12 (uptime: 0d, 00h 00m 00s)
------------------------------------------------------------------------------------
Counter                                       | TM Name                   | Value
------------------------------------------------------------------------------------
decoder.pkts                                  | Total                     | 360
decoder.bytes                                 | Total                     | 32081
decoder.ipv4                                  | Total                     | 344
decoder.ipv6                                  | Total                     | 2
decoder.ethernet                              | Total                     | 360
decoder.arp                                   | Total                     | 14
decoder.tcp                                   | Total                     | 309
tcp.syn                                       | Total                     | 4
tcp.synack                                    | Total                     | 4
decoder.udp                                   | Total                     | 36
decoder.icmpv6                                | Total                     | 1
decoder.avg_pkt_size                          | Total                     | 89
decoder.max_pkt_size                          | Total                     | 590
flow.total                                    | Total                     | 15
flow.tcp                                      | Total                     | 4
flow.udp                                      | Total                     | 10
flow.icmpv6                                   | Total                     | 1
flow.wrk.spare_sync_avg                       | Total                     | 100
flow.wrk.spare_sync                           | Total                     | 2
flow.wrk.flows_evicted_needs_work             | Total                     | 4
flow.wrk.flows_evicted_pkt_inject             | Total                     | 4
flow.wrk.flows_injected                       | Total                     | 4
tcp.sessions                                  | Total                     | 4
tcp.ssn_from_pool                             | Total                     | 4
tcp.invalid_checksum                          | Total                     | 150
app_layer.flow.dhcp                           | Total                     | 1
app_layer.tx.dhcp                             | Total                     | 6
app_layer.flow.failed_udp                     | Total                     | 9
flow.end.state.new                            | Total                     | 14
flow.end.state.established                    | Total                     | 1
flow.end.tcp_state.syn_sent                   | Total                     | 4
flow.mgr.rows_per_sec                         | Total                     | 6553
flow.spare                                    | Total                     | 9900
memcap_pressure                               | Total                     | 5
memcap_pressure_max                           | Total                     | 5
flow.recycler.recycled                        | Total                     | 11
flow.recycler.queue_max                       | Total                     | 11
tcp.memuse                                    | Total                     | 1245184
tcp.reassembly_memuse                         | Total                     | 229376
flow.memuse                                   | Total                     | 7154304
------------------------------------------------------------------------------------
Date: 6/9/2025 -- 06:58:35 (uptime: 0d, 00h 00m 00s)
------------------------------------------------------------------------------------
Counter                                       | TM Name                   | Value
------------------------------------------------------------------------------------
decoder.pkts                                  | Total                     | 360
decoder.bytes                                 | Total                     | 32081
decoder.ipv4                                  | Total                     | 344
decoder.ipv6                                  | Total                     | 2
decoder.ethernet                              | Total                     | 360
decoder.arp                                   | Total                     | 14
decoder.tcp                                   | Total                     | 309
tcp.syn                                       | Total                     | 4
tcp.synack                                    | Total                     | 4
decoder.udp                                   | Total                     | 36
decoder.icmpv6                                | Total                     | 1
decoder.avg_pkt_size                          | Total                     | 89
decoder.max_pkt_size                          | Total                     | 590
flow.total                                    | Total                     | 15
flow.tcp                                      | Total                     | 4
flow.udp                                      | Total                     | 10
flow.icmpv6                                   | Total                     | 1
flow.wrk.spare_sync_avg                       | Total                     | 100
flow.wrk.spare_sync                           | Total                     | 2
flow.wrk.flows_evicted_needs_work             | Total                     | 4
flow.wrk.flows_evicted_pkt_inject             | Total                     | 4
flow.wrk.flows_injected                       | Total                     | 4
tcp.sessions                                  | Total                     | 4
tcp.ssn_from_pool                             | Total                     | 4
tcp.invalid_checksum                          | Total                     | 150
app_layer.flow.dhcp                           | Total                     | 1
app_layer.tx.dhcp                             | Total                     | 6
app_layer.flow.failed_udp                     | Total                     | 9
flow.end.state.new                            | Total                     | 14
flow.end.state.established                    | Total                     | 1
flow.end.tcp_state.syn_sent                   | Total                     | 4
flow.mgr.rows_per_sec                         | Total                     | 6553
flow.spare                                    | Total                     | 9800
memcap_pressure                               | Total                     | 5
memcap_pressure_max                           | Total                     | 5
flow.recycler.recycled                        | Total                     | 11
flow.recycler.queue_max                       | Total                     | 11
tcp.memuse                                    | Total                     | 1245184
tcp.reassembly_memuse                         | Total                     | 229376
flow.memuse                                   | Total                     | 7154304
------------------------------------------------------------------------------------
Date: 6/9/2025 -- 07:00:28 (uptime: 0d, 00h 00m 00s)
------------------------------------------------------------------------------------
Counter                                       | TM Name                   | Value
------------------------------------------------------------------------------------
decoder.pkts                                  | Total                     | 360
decoder.bytes                                 | Total                     | 32081
decoder.ipv4                                  | Total                     | 344
decoder.ipv6                                  | Total                     | 2
decoder.ethernet                              | Total                     | 360
decoder.arp                                   | Total                     | 14
decoder.tcp                                   | Total                     | 309
tcp.syn                                       | Total                     | 4
tcp.synack                                    | Total                     | 4
decoder.udp                                   | Total                     | 36
decoder.icmpv6                                | Total                     | 1
decoder.avg_pkt_size                          | Total                     | 89
decoder.max_pkt_size                          | Total                     | 590
flow.total                                    | Total                     | 15
flow.tcp                                      | Total                     | 4
flow.udp                                      | Total                     | 10
flow.icmpv6                                   | Total                     | 1
flow.wrk.spare_sync_avg                       | Total                     | 100
flow.wrk.spare_sync                           | Total                     | 2
flow.wrk.flows_evicted_needs_work             | Total                     | 4
flow.wrk.flows_evicted_pkt_inject             | Total                     | 4
flow.wrk.flows_injected                       | Total                     | 4
tcp.sessions                                  | Total                     | 4
tcp.ssn_from_pool                             | Total                     | 4
tcp.invalid_checksum                          | Total                     | 150
app_layer.flow.dhcp                           | Total                     | 1
app_layer.tx.dhcp                             | Total                     | 6
app_layer.flow.failed_udp                     | Total                     | 9
flow.end.state.new                            | Total                     | 14
flow.end.state.established                    | Total                     | 1
flow.end.tcp_state.syn_sent                   | Total                     | 4
flow.mgr.rows_per_sec                         | Total                     | 6553
flow.spare                                    | Total                     | 9900
memcap_pressure                               | Total                     | 5
memcap_pressure_max                           | Total                     | 5
flow.recycler.recycled                        | Total                     | 11
flow.recycler.queue_max                       | Total                     | 11
tcp.memuse                                    | Total                     | 1245184
tcp.reassembly_memuse                         | Total                     | 229376
flow.memuse                                   | Total                     | 7154304
------------------------------------------------------------------------------------
Date: 6/9/2025 -- 07:01:05 (uptime: 0d, 00h 00m 00s)
------------------------------------------------------------------------------------
Counter                                       | TM Name                   | Value
------------------------------------------------------------------------------------
decoder.pkts                                  | Total                     | 360
decoder.bytes                                 | Total                     | 32081
decoder.ipv4                                  | Total                     | 344
decoder.ipv6                                  | Total                     | 2
decoder.ethernet                              | Total                     | 360
decoder.arp                                   | Total                     | 14
decoder.tcp                                   | Total                     | 309
tcp.syn                                       | Total                     | 4
tcp.synack                                    | Total                     | 4
decoder.udp                                   | Total                     | 36
decoder.icmpv6                                | Total                     | 1
decoder.avg_pkt_size                          | Total                     | 89
decoder.max_pkt_size                          | Total                     | 590
flow.total                                    | Total                     | 15
flow.tcp                                      | Total                     | 4
flow.udp                                      | Total                     | 10
flow.icmpv6                                   | Total                     | 1
flow.wrk.spare_sync_avg                       | Total                     | 100
flow.wrk.spare_sync                           | Total                     | 2
flow.wrk.flows_evicted_needs_work             | Total                     | 4
flow.wrk.flows_evicted_pkt_inject             | Total                     | 5
flow.wrk.flows_injected                       | Total                     | 4
tcp.sessions                                  | Total                     | 4
tcp.ssn_from_pool                             | Total                     | 4
tcp.segment_from_cache                        | Total                     | 41
tcp.segment_from_pool                         | Total                     | 107
app_layer.flow.dhcp                           | Total                     | 1
app_layer.tx.dhcp                             | Total                     | 6
app_layer.flow.telnet                         | Total                     | 4
app_layer.flow.failed_udp                     | Total                     | 9
flow.end.state.new                            | Total                     | 10
flow.end.state.established                    | Total                     | 2
flow.end.state.closed                         | Total                     | 3
flow.end.tcp_state.established                | Total                     | 1
flow.end.tcp_state.closed                     | Total                     | 3
flow.mgr.rows_per_sec                         | Total                     | 6553
flow.spare                                    | Total                     | 9900
memcap_pressure                               | Total                     | 5
memcap_pressure_max                           | Total                     | 5
flow.recycler.recycled                        | Total                     | 11
flow.recycler.queue_avg                       | Total                     | 1
flow.recycler.queue_max                       | Total                     | 11
tcp.memuse                                    | Total                     | 1245184
tcp.reassembly_memuse                         | Total                     | 229376
flow.memuse                                   | Total                     | 7154304
------------------------------------------------------------------------------------
Date: 6/9/2025 -- 07:02:40 (uptime: 0d, 00h 00m 00s)
------------------------------------------------------------------------------------
Counter                                       | TM Name                   | Value
------------------------------------------------------------------------------------
decoder.pkts                                  | Total                     | 360
decoder.bytes                                 | Total                     | 32081
decoder.ipv4                                  | Total                     | 344
decoder.ipv6                                  | Total                     | 2
decoder.ethernet                              | Total                     | 360
decoder.arp                                   | Total                     | 14
decoder.tcp                                   | Total                     | 309
tcp.syn                                       | Total                     | 4
tcp.synack                                    | Total                     | 4
decoder.udp                                   | Total                     | 36
decoder.icmpv6                                | Total                     | 1
decoder.avg_pkt_size                          | Total                     | 89
decoder.max_pkt_size                          | Total                     | 590
flow.total                                    | Total                     | 15
flow.tcp                                      | Total                     | 4
flow.udp                                      | Total                     | 10
flow.icmpv6                                   | Total                     | 1
flow.wrk.spare_sync_avg                       | Total                     | 100
flow.wrk.spare_sync                           | Total                     | 2
flow.wrk.flows_evicted_needs_work             | Total                     | 4
flow.wrk.flows_evicted_pkt_inject             | Total                     | 5
flow.wrk.flows_injected                       | Total                     | 4
tcp.sessions                                  | Total                     | 4
tcp.ssn_from_pool                             | Total                     | 4
tcp.segment_from_cache                        | Total                     | 59
tcp.segment_from_pool                         | Total                     | 89
app_layer.flow.dhcp                           | Total                     | 1
app_layer.tx.dhcp                             | Total                     | 6
app_layer.flow.telnet                         | Total                     | 4
app_layer.flow.failed_udp                     | Total                     | 9
flow.end.state.new                            | Total                     | 10
flow.end.state.established                    | Total                     | 2
flow.end.state.closed                         | Total                     | 3
flow.end.tcp_state.established                | Total                     | 1
flow.end.tcp_state.closed                     | Total                     | 3
flow.mgr.rows_per_sec                         | Total                     | 6553
flow.spare                                    | Total                     | 9800
flow.mgr.rows_maxlen                          | Total                     | 1
flow.mgr.flows_checked                        | Total                     | 3
flow.mgr.flows_notimeout                      | Total                     | 3
memcap_pressure                               | Total                     | 5
memcap_pressure_max                           | Total                     | 5
flow.recycler.recycled                        | Total                     | 11
flow.recycler.queue_max                       | Total                     | 11
tcp.memuse                                    | Total                     | 1245184
tcp.reassembly_memuse                         | Total                     | 229376
flow.memuse                                   | Total                     | 7154304
